time=2024-11-13T14:03:57.025+01:00 level=INFO msg="FileTrove started at 2024-11-13 14:03:57.024251 +0100 CET m=+0.001029460"
time=2024-11-13T14:03:57.177+01:00 level=ERROR msg="Could not hash file." error="open ../../testdata/noaccess.rtf: permission denied"
time=2024-11-13T14:03:57.177+01:00 level=ERROR msg="Could not hash file." error="open ../../testdata/noaccess.rtf: permission denied"
time=2024-11-13T14:03:57.177+01:00 level=ERROR msg="Could not hash file." error="open ../../testdata/noaccess.rtf: permission denied"
time=2024-11-13T14:03:57.177+01:00 level=ERROR msg="Could not hash file." error="open ../../testdata/noaccess.rtf: permission denied"
time=2024-11-13T14:03:57.177+01:00 level=ERROR msg="Could not hash file." error="open ../../testdata/noaccess.rtf: permission denied"
time=2024-11-13T14:03:57.177+01:00 level=ERROR msg="Could not identify file using siegfried" error="open ../../testdata/noaccess.rtf: permission denied"
time=2024-11-13T14:03:57.177+01:00 level=WARN msg="Could not calculate entropy for file ../../testdata/noaccess.rtf" warning="open ../../testdata/noaccess.rtf: permission denied"
time=2024-11-13T14:03:57.178+01:00 level=WARN msg="Could not scan YARA rules" error="open ../../testdata/noaccess.rtf: permission denied"
time=2024-11-13T14:03:57.198+01:00 level=ERROR msg="Could not parse image for exif data. File: ../../testdata/white.jpg" error=EOF
time=2024-11-13T14:03:57.204+01:00 level=INFO msg="Finished indexing of /Users/steffen/go/src/github.com/steffenfritz/FileTrove/testdata"
time=2024-11-13T14:03:57.204+01:00 level=INFO msg="Session UUID: 480d3693-fd64-474b-ad9a-c4acc5de29de"
time=2024-11-13T14:03:57.204+01:00 level=INFO msg="Number of indexed files: 16"
time=2024-11-13T14:03:57.204+01:00 level=INFO msg="Number of indexed directory names: 5"
time=2024-11-13T14:03:57.204+01:00 level=INFO msg="Number of known files (NSRL=True): 1"
time=2024-11-13T14:03:57.204+01:00 level=INFO msg="Indexing took: 180.427958ms"
time=2024-11-13T14:03:57.204+01:00 level=INFO msg="All results are written to the sqlite database db/filetrove.db"
time=2024-11-13T14:03:57.204+01:00 level=INFO msg="You can export the results with ./ftrove -t 480d3693-fd64-474b-ad9a-c4acc5de29de"
time=2024-11-19T21:34:38.568+01:00 level=INFO msg="FileTrove started at 2024-11-19 21:34:38.56535 +0100 CET m=+0.005697418"
time=2024-11-19T21:34:38.702+01:00 level=ERROR msg="Could not hash file." error="open ../../testdata/noaccess.rtf: permission denied"
time=2024-11-19T21:34:38.702+01:00 level=ERROR msg="Could not hash file." error="open ../../testdata/noaccess.rtf: permission denied"
time=2024-11-19T21:34:38.702+01:00 level=ERROR msg="Could not hash file." error="open ../../testdata/noaccess.rtf: permission denied"
time=2024-11-19T21:34:38.702+01:00 level=ERROR msg="Could not hash file." error="open ../../testdata/noaccess.rtf: permission denied"
time=2024-11-19T21:34:38.702+01:00 level=ERROR msg="Could not hash file." error="open ../../testdata/noaccess.rtf: permission denied"
time=2024-11-19T21:34:38.702+01:00 level=ERROR msg="Could not identify file using siegfried" error="open ../../testdata/noaccess.rtf: permission denied"
time=2024-11-19T21:34:38.703+01:00 level=WARN msg="Could not calculate entropy for file ../../testdata/noaccess.rtf" warning="open ../../testdata/noaccess.rtf: permission denied"
time=2024-11-19T21:34:38.703+01:00 level=WARN msg="Could not scan YARA rules" error="open ../../testdata/noaccess.rtf: permission denied"
time=2024-11-19T21:34:38.727+01:00 level=ERROR msg="Could not parse image for exif data. File: ../../testdata/white.jpg" error=EOF
time=2024-11-19T21:34:38.737+01:00 level=INFO msg="Finished indexing of /Users/steffen/go/src/github.com/steffenfritz/FileTrove/testdata"
time=2024-11-19T21:34:38.737+01:00 level=INFO msg="Session UUID: e8db49b0-eaa3-4db8-9b21-f1b3cc761936"
time=2024-11-19T21:34:38.737+01:00 level=INFO msg="Number of indexed files: 16"
time=2024-11-19T21:34:38.737+01:00 level=INFO msg="Number of indexed directory names: 5"
time=2024-11-19T21:34:38.737+01:00 level=INFO msg="Number of known files (NSRL=True): 1"
time=2024-11-19T21:34:38.737+01:00 level=INFO msg="Indexing took: 171.657666ms"
time=2024-11-19T21:34:38.737+01:00 level=INFO msg="All results are written to the sqlite database db/filetrove.db"
time=2024-11-19T21:34:38.737+01:00 level=INFO msg="You can export the results with ./ftrove -t e8db49b0-eaa3-4db8-9b21-f1b3cc761936"
time=2024-11-19T22:53:20.152+01:00 level=INFO msg="FileTrove started at 2024-11-19 22:53:20.146109 +0100 CET m=+0.007920793"
time=2024-11-19T22:54:13.952+01:00 level=INFO msg="Finished indexing of /Volumes/New_Compilation"
time=2024-11-19T22:54:13.953+01:00 level=INFO msg="Session UUID: 53e9cd76-af35-49ae-82f8-65ed6534432a"
time=2024-11-19T22:54:13.953+01:00 level=INFO msg="Number of indexed files: 1"
time=2024-11-19T22:54:13.953+01:00 level=INFO msg="Number of indexed directory names: 1"
time=2024-11-19T22:54:13.953+01:00 level=INFO msg="Number of known files (NSRL=True): 0"
time=2024-11-19T22:54:13.953+01:00 level=INFO msg="Indexing took: 53.807227791s"
time=2024-11-19T22:54:13.953+01:00 level=INFO msg="All results are written to the sqlite database db/filetrove.db"
time=2024-11-19T22:54:13.953+01:00 level=INFO msg="You can export the results with ./ftrove -t 53e9cd76-af35-49ae-82f8-65ed6534432a"
